# JRE version: OpenJDK Runtime Environment (16.0+36) (build 16+36-2231)
# Java VM: OpenJDK 64-Bit Server VM (16+36-2231, mixed mode, sharing, tiered, compressed oops, g1 gc, windows-amd64)
GC Precious Log:
 CPUs: 4 total, 4 available
 Memory: 5020M
 Large Page Support: Disabled
 NUMA Support: Disabled
 Compressed Oops: Enabled (32-bit)
 Heap Region Size: 1M
 Heap Min Capacity: 8M
 Heap Initial Capacity: 80M
 Heap Max Capacity: 1256M
 Pre-touch: Disabled
 Parallel Workers: 4
 Concurrent Workers: 1
 Concurrent Refinement Workers: 4
 Periodic GC: Disabled
Heap:
 garbage-first heap   total 58368K, used 30342K [0x00000000b1800000, 0x0000000100000000)
  region size 1024K, 6 young (6144K), 3 survivors (3072K)
 Metaspace       used 58661K, committed 59136K, reserved 1105920K
  class space    used 7728K, committed 7936K, reserved 1048576K
GC Heap History (20 events):
Event: 8.562 GC heap before
{Heap before GC invocations=7 (full 0):
 garbage-first heap   total 48128K, used 35990K [0x00000000b1800000, 0x0000000100000000)
  region size 1024K, 28 young (28672K), 4 survivors (4096K)
 Metaspace       used 25394K, committed 25664K, reserved 1073152K
  class space    used 3127K, committed 3264K, reserved 1048576K
}
Event: 8.585 GC heap after
{Heap after GC invocations=8 (full 0):
 garbage-first heap   total 48128K, used 14870K [0x00000000b1800000, 0x0000000100000000)
  region size 1024K, 4 young (4096K), 4 survivors (4096K)
 Metaspace       used 25394K, committed 25664K, reserved 1073152K
  class space    used 3127K, committed 3264K, reserved 1048576K
}
Event: 8.596 GC heap before
{Heap before GC invocations=8 (full 0):
 garbage-first heap   total 48128K, used 33302K [0x00000000b1800000, 0x0000000100000000)
  region size 1024K, 23 young (23552K), 4 survivors (4096K)
 Metaspace       used 25394K, committed 25664K, reserved 1073152K
  class space    used 3127K, committed 3264K, reserved 1048576K
}
Event: 8.609 GC heap after
{Heap after GC invocations=9 (full 0):
 garbage-first heap   total 58368K, used 14782K [0x00000000b1800000, 0x0000000100000000)
  region size 1024K, 1 young (1024K), 1 survivors (1024K)
 Metaspace       used 25394K, committed 25664K, reserved 1073152K
  class space    used 3127K, committed 3264K, reserved 1048576K
}
Event: 9.264 GC heap before
{Heap before GC invocations=9 (full 0):
 garbage-first heap   total 58368K, used 42430K [0x00000000b1800000, 0x0000000100000000)
  region size 1024K, 29 young (29696K), 1 survivors (1024K)
 Metaspace       used 26667K, committed 27008K, reserved 1073152K
  class space    used 3301K, committed 3456K, reserved 1048576K
}
Event: 9.269 GC heap after
{Heap after GC invocations=10 (full 0):
 garbage-first heap   total 58368K, used 15541K [0x00000000b1800000, 0x0000000100000000)
  region size 1024K, 1 young (1024K), 1 survivors (1024K)
 Metaspace       used 26667K, committed 27008K, reserved 1073152K
  class space    used 3301K, committed 3456K, reserved 1048576K
}
Event: 10.933 GC heap before
{Heap before GC invocations=10 (full 0):
 garbage-first heap   total 58368K, used 45237K [0x00000000b1800000, 0x0000000100000000)
  region size 1024K, 30 young (30720K), 1 survivors (1024K)
 Metaspace       used 35140K, committed 35456K, reserved 1081344K
  class space    used 4529K, committed 4672K, reserved 1048576K
}
Event: 10.940 GC heap after
{Heap after GC invocations=11 (full 0):
 garbage-first heap   total 58368K, used 18503K [0x00000000b1800000, 0x0000000100000000)
  region size 1024K, 4 young (4096K), 4 survivors (4096K)
 Metaspace       used 35140K, committed 35456K, reserved 1081344K
  class space    used 4529K, committed 4672K, reserved 1048576K
}
Event: 10.961 GC heap before
{Heap before GC invocations=11 (full 0):
 garbage-first heap   total 58368K, used 18503K [0x00000000b1800000, 0x0000000100000000)
  region size 1024K, 5 young (5120K), 4 survivors (4096K)
 Metaspace       used 35402K, committed 35648K, reserved 1081344K
  class space    used 4603K, committed 4736K, reserved 1048576K
}
Event: 10.967 GC heap after
{Heap after GC invocations=12 (full 0):
 garbage-first heap   total 58368K, used 18950K [0x00000000b1800000, 0x0000000100000000)
  region size 1024K, 1 young (1024K), 1 survivors (1024K)
 Metaspace       used 35402K, committed 35648K, reserved 1081344K
  class space    used 4603K, committed 4736K, reserved 1048576K
}
Event: 12.430 GC heap before
{Heap before GC invocations=13 (full 0):
 garbage-first heap   total 58368K, used 43526K [0x00000000b1800000, 0x0000000100000000)
  region size 1024K, 26 young (26624K), 1 survivors (1024K)
 Metaspace       used 42089K, committed 42368K, reserved 1089536K
  class space    used 5590K, committed 5696K, reserved 1048576K
}
Event: 12.437 GC heap after
{Heap after GC invocations=14 (full 0):
 garbage-first heap   total 58368K, used 20352K [0x00000000b1800000, 0x0000000100000000)
  region size 1024K, 2 young (2048K), 2 survivors (2048K)
 Metaspace       used 42089K, committed 42368K, reserved 1089536K
  class space    used 5590K, committed 5696K, reserved 1048576K
}
Event: 13.780 GC heap before
{Heap before GC invocations=14 (full 0):
 garbage-first heap   total 58368K, used 44928K [0x00000000b1800000, 0x0000000100000000)
  region size 1024K, 26 young (26624K), 2 survivors (2048K)
 Metaspace       used 46758K, committed 47104K, reserved 1097728K
  class space    used 6227K, committed 6400K, reserved 1048576K
}
Event: 13.790 GC heap after
{Heap after GC invocations=15 (full 0):
 garbage-first heap   total 58368K, used 22016K [0x00000000b1800000, 0x0000000100000000)
  region size 1024K, 4 young (4096K), 4 survivors (4096K)
 Metaspace       used 46758K, committed 47104K, reserved 1097728K
  class space    used 6227K, committed 6400K, reserved 1048576K
}
Event: 14.734 GC heap before
{Heap before GC invocations=15 (full 0):
 garbage-first heap   total 58368K, used 44544K [0x00000000b1800000, 0x0000000100000000)
  region size 1024K, 26 young (26624K), 4 survivors (4096K)
 Metaspace       used 49445K, committed 49792K, reserved 1097728K
  class space    used 6615K, committed 6784K, reserved 1048576K
}
Event: 14.750 GC heap after
{Heap after GC invocations=16 (full 0):
 garbage-first heap   total 58368K, used 23821K [0x00000000b1800000, 0x0000000100000000)
  region size 1024K, 4 young (4096K), 4 survivors (4096K)
 Metaspace       used 49445K, committed 49792K, reserved 1097728K
  class space    used 6615K, committed 6784K, reserved 1048576K
}
Event: 20.938 GC heap before
{Heap before GC invocations=16 (full 0):
 garbage-first heap   total 58368K, used 45325K [0x00000000b1800000, 0x0000000100000000)
  region size 1024K, 25 young (25600K), 4 survivors (4096K)
 Metaspace       used 53000K, committed 53376K, reserved 1097728K
  class space    used 7063K, committed 7232K, reserved 1048576K
}
Event: 20.953 GC heap after
{Heap after GC invocations=17 (full 0):
 garbage-first heap   total 58368K, used 25626K [0x00000000b1800000, 0x0000000100000000)
  region size 1024K, 4 young (4096K), 4 survivors (4096K)
 Metaspace       used 53000K, committed 53376K, reserved 1097728K
  class space    used 7063K, committed 7232K, reserved 1048576K
}
Event: 25.716 GC heap before
{Heap before GC invocations=17 (full 0):
 garbage-first heap   total 58368K, used 45082K [0x00000000b1800000, 0x0000000100000000)
  region size 1024K, 24 young (24576K), 4 survivors (4096K)
 Metaspace       used 58008K, committed 58432K, reserved 1105920K
  class space    used 7664K, committed 7872K, reserved 1048576K
}
Event: 25.728 GC heap after
{Heap after GC invocations=18 (full 0):
 garbage-first heap   total 58368K, used 28294K [0x00000000b1800000, 0x0000000100000000)
  region size 1024K, 3 young (3072K), 3 survivors (3072K)
 Metaspace       used 58008K, committed 58432K, reserved 1105920K
  class space    used 7664K, committed 7872K, reserved 1048576K
}

